<?xml version="1.0" encoding="UTF-8"?>
<robot generator="Robot 6.1 (Python 3.11.4 on win32)" generated="20230710 12:04:16.092" rpa="false" schemaversion="4">
<suite id="s1" name="Test Automate Script Sitthiphon" source="C:\automated_test\Test_Automate_Script_Sitthiphon.robot">
<test id="s1-t1" name="Testcases_Automate_Test_Script_Web" line="26">
<kw name="Open Web Browser" type="SETUP">
<kw name="Set Selenium Speed" library="SeleniumLibrary">
<arg>0.5s</arg>
<doc>Sets the delay that is waited after each Selenium command.</doc>
<status status="PASS" starttime="20230710 12:04:16.261" endtime="20230710 12:04:16.262"/>
</kw>
<kw name="Open Browser" library="SeleniumLibrary">
<arg>${url}</arg>
<arg>${browser}</arg>
<doc>Opens a new browser instance to the optional ``url``.</doc>
<msg timestamp="20230710 12:04:16.262" level="INFO">Opening browser 'chrome' to base url 'https://codenboxautomationlab.com/practice/'.</msg>
<status status="PASS" starttime="20230710 12:04:16.262" endtime="20230710 12:04:22.658"/>
</kw>
<kw name="Maximize Browser Window" library="SeleniumLibrary">
<doc>Maximizes current browser window.</doc>
<status status="PASS" starttime="20230710 12:04:22.658" endtime="20230710 12:04:23.273"/>
</kw>
<status status="PASS" starttime="20230710 12:04:16.261" endtime="20230710 12:04:23.273"/>
</kw>
<kw name="Wait Until Element Is Visible" library="SeleniumLibrary">
<arg>xpath=${locator_radio_button}</arg>
<arg>2s</arg>
<doc>Waits until the element ``locator`` is visible.</doc>
<status status="PASS" starttime="20230710 12:04:23.273" endtime="20230710 12:04:24.295"/>
</kw>
<kw name="Select Radio Button" library="SeleniumLibrary">
<arg>radioButton</arg>
<arg>radio2</arg>
<doc>Sets the radio button group ``group_name`` to ``value``.</doc>
<msg timestamp="20230710 12:04:24.295" level="INFO">Selecting 'radio2' from radio button 'radioButton'.</msg>
<status status="PASS" starttime="20230710 12:04:24.295" endtime="20230710 12:04:25.852"/>
</kw>
<kw name="Wait Until Element Is Visible" library="SeleniumLibrary">
<arg>id=${locator_autocomplete}</arg>
<arg>2s</arg>
<doc>Waits until the element ``locator`` is visible.</doc>
<status status="PASS" starttime="20230710 12:04:25.852" endtime="20230710 12:04:26.872"/>
</kw>
<kw name="Input Text" library="SeleniumLibrary">
<arg>id=${locator_autocomplete}</arg>
<arg>${autocomplete_value_txt}</arg>
<doc>Types the given ``text`` into the text field identified by ``locator``.</doc>
<msg timestamp="20230710 12:04:26.873" level="INFO">Typing text 'Thai' into text field 'id=autocomplete'.</msg>
<status status="PASS" starttime="20230710 12:04:26.872" endtime="20230710 12:04:28.436"/>
</kw>
<kw name="Click Element" library="SeleniumLibrary">
<arg>xpath=${select_thailand_txt}</arg>
<doc>Click the element identified by ``locator``.</doc>
<msg timestamp="20230710 12:04:28.437" level="INFO">Clicking element 'xpath=//*[text()='Thailand']'.</msg>
<status status="PASS" starttime="20230710 12:04:28.436" endtime="20230710 12:04:29.472"/>
</kw>
<kw name="Wait Until Element Is Visible" library="SeleniumLibrary">
<arg>xpath=${locator_static_dropdown_list}</arg>
<arg>2s</arg>
<doc>Waits until the element ``locator`` is visible.</doc>
<status status="PASS" starttime="20230710 12:04:29.472" endtime="20230710 12:04:30.491"/>
</kw>
<kw name="Select From List By Label" library="SeleniumLibrary">
<arg>id=${locator_select_stastic_dropdown_list_}</arg>
<arg>API</arg>
<doc>Selects options from selection list ``locator`` by ``labels``.</doc>
<msg timestamp="20230710 12:04:30.492" level="INFO">Selecting options from selection list 'id=dropdown-class-example' by label API.</msg>
<status status="PASS" starttime="20230710 12:04:30.491" endtime="20230710 12:04:34.562"/>
</kw>
<kw name="Wait Until Element Is Visible" library="SeleniumLibrary">
<arg>xpath=${locator_checkbox_menu}</arg>
<arg>2s</arg>
<doc>Waits until the element ``locator`` is visible.</doc>
<status status="PASS" starttime="20230710 12:04:34.562" endtime="20230710 12:04:35.580"/>
</kw>
<kw name="Select Checkbox" library="SeleniumLibrary">
<arg>checkBoxOption1</arg>
<doc>Selects the checkbox identified by ``locator``.</doc>
<msg timestamp="20230710 12:04:35.584" level="INFO">Selecting checkbox 'checkBoxOption1'.</msg>
<status status="PASS" starttime="20230710 12:04:35.582" endtime="20230710 12:04:37.625"/>
</kw>
<kw name="Select Checkbox" library="SeleniumLibrary">
<arg>checkBoxOption3</arg>
<doc>Selects the checkbox identified by ``locator``.</doc>
<msg timestamp="20230710 12:04:37.626" level="INFO">Selecting checkbox 'checkBoxOption3'.</msg>
<status status="PASS" starttime="20230710 12:04:37.625" endtime="20230710 12:04:39.671"/>
</kw>
<kw name="Wait Until Element Is Visible" library="SeleniumLibrary">
<arg>xpath=${locator_mouse_hover}</arg>
<arg>2s</arg>
<doc>Waits until the element ``locator`` is visible.</doc>
<status status="PASS" starttime="20230710 12:04:39.671" endtime="20230710 12:04:40.690"/>
</kw>
<kw name="Scroll Element Into View" library="SeleniumLibrary">
<arg>xpath=${locator_scroll_mouse_hover}</arg>
<doc>Scrolls the element identified by ``locator`` into view.</doc>
<status status="PASS" starttime="20230710 12:04:40.690" endtime="20230710 12:04:41.977"/>
</kw>
<kw name="Mouse Over" library="SeleniumLibrary">
<arg>xpath=${locator_mouse_hover}</arg>
<doc>Simulates hovering the mouse over the element ``locator``.</doc>
<msg timestamp="20230710 12:04:41.978" level="INFO">Simulating Mouse Over on element 'xpath=//*[@id="mousehover"]'.</msg>
<status status="PASS" starttime="20230710 12:04:41.977" endtime="20230710 12:04:43.258"/>
</kw>
<kw name="Close Browser" library="SeleniumLibrary" type="TEARDOWN">
<doc>Closes the current browser.</doc>
<status status="PASS" starttime="20230710 12:04:43.258" endtime="20230710 12:04:45.808"/>
</kw>
<status status="PASS" starttime="20230710 12:04:16.261" endtime="20230710 12:04:45.808"/>
</test>
<status status="PASS" starttime="20230710 12:04:16.093" endtime="20230710 12:04:45.810"/>
</suite>
<statistics>
<total>
<stat pass="1" fail="0" skip="0">All Tests</stat>
</total>
<tag>
</tag>
<suite>
<stat pass="1" fail="0" skip="0" id="s1" name="Test Automate Script Sitthiphon">Test Automate Script Sitthiphon</stat>
</suite>
</statistics>
<errors>
</errors>
</robot>
